
optiboot_atmega328.elf:     file format elf32-avr

Sections:
Idx Name          Size      VMA       LMA       File off  Algn
  0 .data         00000000  00800100  00007fa8  0000023c  2**0
                  CONTENTS, ALLOC, LOAD, DATA
  1 .text         000001a8  00007e00  00007e00  00000094  2**1
                  CONTENTS, ALLOC, LOAD, READONLY, CODE
  2 .version      00000002  00007ffe  00007ffe  0000023c  2**0
                  CONTENTS, ALLOC, LOAD, READONLY, DATA
  3 .stab         00000be8  00000000  00000000  00000240  2**2
                  CONTENTS, READONLY, DEBUGGING
  4 .stabstr      00000d64  00000000  00000000  00000e28  2**0
                  CONTENTS, READONLY, DEBUGGING
  5 .comment      00000027  00000000  00000000  00001b8c  2**0
                  CONTENTS, READONLY

Disassembly of section .text:

00007e00 <main>:
    7e00:	1f 92       	push	r1
    7e02:	cd b7       	in	r28, 0x3d	; 61
    7e04:	de b7       	in	r29, 0x3e	; 62
    7e06:	11 24       	eor	r1, r1
    7e08:	84 b7       	in	r24, 0x34	; 52
    7e0a:	14 be       	out	0x34, r1	; 52
    7e0c:	98 2f       	mov	r25, r24
    7e0e:	9d 70       	andi	r25, 0x0D	; 13
    7e10:	09 f0       	breq	.+2      	; 0x7e14 <main+0x14>
    7e12:	c4 d0       	rcall	.+392    	; 0x7f9c <appStart>
    7e14:	82 e0       	ldi	r24, 0x02	; 2
    7e16:	80 93 c0 00 	sts	0x00C0, r24
    7e1a:	88 e1       	ldi	r24, 0x18	; 24
    7e1c:	80 93 c1 00 	sts	0x00C1, r24
    7e20:	86 e0       	ldi	r24, 0x06	; 6
    7e22:	80 93 c2 00 	sts	0x00C2, r24
    7e26:	80 e1       	ldi	r24, 0x10	; 16
    7e28:	80 93 c4 00 	sts	0x00C4, r24
    7e2c:	8e e0       	ldi	r24, 0x0E	; 14
    7e2e:	a1 d0       	rcall	.+322    	; 0x7f72 <watchdogConfig>
    7e30:	81 2c       	mov	r8, r1
    7e32:	91 2c       	mov	r9, r1
    7e34:	13 e0       	ldi	r17, 0x03	; 3
    7e36:	01 e0       	ldi	r16, 0x01	; 1
    7e38:	25 e0       	ldi	r18, 0x05	; 5
    7e3a:	f2 2e       	mov	r15, r18
    7e3c:	31 e1       	ldi	r19, 0x11	; 17
    7e3e:	e3 2e       	mov	r14, r19
    7e40:	8c d0       	rcall	.+280    	; 0x7f5a <getch>
    7e42:	81 34       	cpi	r24, 0x41	; 65
    7e44:	79 f4       	brne	.+30     	; 0x7e64 <main+0x64>
    7e46:	89 d0       	rcall	.+274    	; 0x7f5a <getch>
    7e48:	89 83       	std	Y+1, r24	; 0x01
    7e4a:	99 d0       	rcall	.+306    	; 0x7f7e <verifySpace>
    7e4c:	89 81       	ldd	r24, Y+1	; 0x01
    7e4e:	82 38       	cpi	r24, 0x82	; 130
    7e50:	11 f4       	brne	.+4      	; 0x7e56 <main+0x56>
    7e52:	82 e0       	ldi	r24, 0x02	; 2
    7e54:	05 c0       	rjmp	.+10     	; 0x7e60 <main+0x60>
    7e56:	81 38       	cpi	r24, 0x81	; 129
    7e58:	11 f4       	brne	.+4      	; 0x7e5e <main+0x5e>
    7e5a:	86 e0       	ldi	r24, 0x06	; 6
    7e5c:	01 c0       	rjmp	.+2      	; 0x7e60 <main+0x60>
    7e5e:	83 e0       	ldi	r24, 0x03	; 3
    7e60:	75 d0       	rcall	.+234    	; 0x7f4c <putch>
    7e62:	71 c0       	rjmp	.+226    	; 0x7f46 <main+0x146>
    7e64:	82 34       	cpi	r24, 0x42	; 66
    7e66:	11 f4       	brne	.+4      	; 0x7e6c <main+0x6c>
    7e68:	84 e1       	ldi	r24, 0x14	; 20
    7e6a:	03 c0       	rjmp	.+6      	; 0x7e72 <main+0x72>
    7e6c:	85 34       	cpi	r24, 0x45	; 69
    7e6e:	19 f4       	brne	.+6      	; 0x7e76 <main+0x76>
    7e70:	85 e0       	ldi	r24, 0x05	; 5
    7e72:	8d d0       	rcall	.+282    	; 0x7f8e <getNch>
    7e74:	68 c0       	rjmp	.+208    	; 0x7f46 <main+0x146>
    7e76:	85 35       	cpi	r24, 0x55	; 85
    7e78:	49 f4       	brne	.+18     	; 0x7e8c <main+0x8c>
    7e7a:	6f d0       	rcall	.+222    	; 0x7f5a <getch>
    7e7c:	d8 2e       	mov	r13, r24
    7e7e:	6d d0       	rcall	.+218    	; 0x7f5a <getch>
    7e80:	8d 2c       	mov	r8, r13
    7e82:	91 2c       	mov	r9, r1
    7e84:	98 2a       	or	r9, r24
    7e86:	88 0c       	add	r8, r8
    7e88:	99 1c       	adc	r9, r9
    7e8a:	5c c0       	rjmp	.+184    	; 0x7f44 <main+0x144>
    7e8c:	86 35       	cpi	r24, 0x56	; 86
    7e8e:	21 f4       	brne	.+8      	; 0x7e98 <main+0x98>
    7e90:	84 e0       	ldi	r24, 0x04	; 4
    7e92:	7d d0       	rcall	.+250    	; 0x7f8e <getNch>
    7e94:	80 e0       	ldi	r24, 0x00	; 0
    7e96:	e4 cf       	rjmp	.-56     	; 0x7e60 <main+0x60>
    7e98:	84 36       	cpi	r24, 0x64	; 100
    7e9a:	09 f0       	breq	.+2      	; 0x7e9e <main+0x9e>
    7e9c:	36 c0       	rjmp	.+108    	; 0x7f0a <main+0x10a>
    7e9e:	5d d0       	rcall	.+186    	; 0x7f5a <getch>
    7ea0:	5c d0       	rcall	.+184    	; 0x7f5a <getch>
    7ea2:	d8 2e       	mov	r13, r24
    7ea4:	5a d0       	rcall	.+180    	; 0x7f5a <getch>
    7ea6:	c8 2e       	mov	r12, r24
    7ea8:	a1 2c       	mov	r10, r1
    7eaa:	bb 24       	eor	r11, r11
    7eac:	b3 94       	inc	r11
    7eae:	55 d0       	rcall	.+170    	; 0x7f5a <getch>
    7eb0:	f5 01       	movw	r30, r10
    7eb2:	81 93       	st	Z+, r24
    7eb4:	5f 01       	movw	r10, r30
    7eb6:	de 12       	cpse	r13, r30
    7eb8:	fa cf       	rjmp	.-12     	; 0x7eae <main+0xae>
    7eba:	61 d0       	rcall	.+194    	; 0x7f7e <verifySpace>
    7ebc:	f5 e4       	ldi	r31, 0x45	; 69
    7ebe:	cf 12       	cpse	r12, r31
    7ec0:	01 c0       	rjmp	.+2      	; 0x7ec4 <main+0xc4>
    7ec2:	ff cf       	rjmp	.-2      	; 0x7ec2 <main+0xc2>
    7ec4:	f4 01       	movw	r30, r8
    7ec6:	17 bf       	out	0x37, r17	; 55
    7ec8:	e8 95       	spm
    7eca:	07 b6       	in	r0, 0x37	; 55
    7ecc:	00 fc       	sbrc	r0, 0
    7ece:	fd cf       	rjmp	.-6      	; 0x7eca <main+0xca>
    7ed0:	a4 01       	movw	r20, r8
    7ed2:	a0 e0       	ldi	r26, 0x00	; 0
    7ed4:	b1 e0       	ldi	r27, 0x01	; 1
    7ed6:	2c 91       	ld	r18, X
    7ed8:	12 96       	adiw	r26, 0x02	; 2
    7eda:	cd 01       	movw	r24, r26
    7edc:	01 97       	sbiw	r24, 0x01	; 1
    7ede:	fc 01       	movw	r30, r24
    7ee0:	80 81       	ld	r24, Z
    7ee2:	30 e0       	ldi	r19, 0x00	; 0
    7ee4:	38 2b       	or	r19, r24
    7ee6:	fa 01       	movw	r30, r20
    7ee8:	09 01       	movw	r0, r18
    7eea:	07 bf       	out	0x37, r16	; 55
    7eec:	e8 95       	spm
    7eee:	11 24       	eor	r1, r1
    7ef0:	4e 5f       	subi	r20, 0xFE	; 254
    7ef2:	5f 4f       	sbci	r21, 0xFF	; 255
    7ef4:	da 12       	cpse	r13, r26
    7ef6:	ef cf       	rjmp	.-34     	; 0x7ed6 <main+0xd6>
    7ef8:	f4 01       	movw	r30, r8
    7efa:	f7 be       	out	0x37, r15	; 55
    7efc:	e8 95       	spm
    7efe:	07 b6       	in	r0, 0x37	; 55
    7f00:	00 fc       	sbrc	r0, 0
    7f02:	fd cf       	rjmp	.-6      	; 0x7efe <main+0xfe>
    7f04:	e7 be       	out	0x37, r14	; 55
    7f06:	e8 95       	spm
    7f08:	1e c0       	rjmp	.+60     	; 0x7f46 <main+0x146>
    7f0a:	84 37       	cpi	r24, 0x74	; 116
    7f0c:	71 f4       	brne	.+28     	; 0x7f2a <main+0x12a>
    7f0e:	25 d0       	rcall	.+74     	; 0x7f5a <getch>
    7f10:	24 d0       	rcall	.+72     	; 0x7f5a <getch>
    7f12:	d8 2e       	mov	r13, r24
    7f14:	22 d0       	rcall	.+68     	; 0x7f5a <getch>
    7f16:	33 d0       	rcall	.+102    	; 0x7f7e <verifySpace>
    7f18:	54 01       	movw	r10, r8
    7f1a:	f5 01       	movw	r30, r10
    7f1c:	85 91       	lpm	r24, Z+
    7f1e:	5f 01       	movw	r10, r30
    7f20:	15 d0       	rcall	.+42     	; 0x7f4c <putch>
    7f22:	da 94       	dec	r13
    7f24:	d1 10       	cpse	r13, r1
    7f26:	f9 cf       	rjmp	.-14     	; 0x7f1a <main+0x11a>
    7f28:	0e c0       	rjmp	.+28     	; 0x7f46 <main+0x146>
    7f2a:	85 37       	cpi	r24, 0x75	; 117
    7f2c:	39 f4       	brne	.+14     	; 0x7f3c <main+0x13c>
    7f2e:	27 d0       	rcall	.+78     	; 0x7f7e <verifySpace>
    7f30:	8e e1       	ldi	r24, 0x1E	; 30
    7f32:	0c d0       	rcall	.+24     	; 0x7f4c <putch>
    7f34:	85 e9       	ldi	r24, 0x95	; 149
    7f36:	0a d0       	rcall	.+20     	; 0x7f4c <putch>
    7f38:	8f e0       	ldi	r24, 0x0F	; 15
    7f3a:	92 cf       	rjmp	.-220    	; 0x7e60 <main+0x60>
    7f3c:	81 35       	cpi	r24, 0x51	; 81
    7f3e:	11 f4       	brne	.+4      	; 0x7f44 <main+0x144>
    7f40:	88 e0       	ldi	r24, 0x08	; 8
    7f42:	17 d0       	rcall	.+46     	; 0x7f72 <watchdogConfig>
    7f44:	1c d0       	rcall	.+56     	; 0x7f7e <verifySpace>
    7f46:	80 e1       	ldi	r24, 0x10	; 16
    7f48:	01 d0       	rcall	.+2      	; 0x7f4c <putch>
    7f4a:	7a cf       	rjmp	.-268    	; 0x7e40 <main+0x40>

00007f4c <putch>:
  }
}

void putch(char ch) {
#ifndef SOFT_UART
  while (!(UART_SRA & _BV(UDRE0)));
    7f4c:	90 91 c0 00 	lds	r25, 0x00C0
    7f50:	95 ff       	sbrs	r25, 5
    7f52:	fc cf       	rjmp	.-8      	; 0x7f4c <putch>
  UART_UDR = ch;
    7f54:	80 93 c6 00 	sts	0x00C6, r24
    7f58:	08 95       	ret

00007f5a <getch>:
      [uartBit] "I" (UART_RX_BIT)
    :
      "r25"
);
#else
  while(!(UART_SRA & _BV(RXC0)))
    7f5a:	80 91 c0 00 	lds	r24, 0x00C0
    7f5e:	87 ff       	sbrs	r24, 7
    7f60:	fc cf       	rjmp	.-8      	; 0x7f5a <getch>
    ;
  if (!(UART_SRA & _BV(FE0))) {
    7f62:	80 91 c0 00 	lds	r24, 0x00C0
    7f66:	84 fd       	sbrc	r24, 4
    7f68:	01 c0       	rjmp	.+2      	; 0x7f6c <getch+0x12>
}
#endif

// Watchdog functions. These are only safe with interrupts turned off.
void watchdogReset() {
  __asm__ __volatile__ (
    7f6a:	a8 95       	wdr
       * don't care that an invalid char is returned...)
       */
    watchdogReset();
  }

  ch = UART_UDR;
    7f6c:	80 91 c6 00 	lds	r24, 0x00C6
  LED_PIN |= _BV(LED);
#endif
#endif

  return ch;
}
    7f70:	08 95       	ret

00007f72 <watchdogConfig>:
    "wdr\n"
  );
}

void watchdogConfig(uint8_t x) {
  WDTCSR = _BV(WDCE) | _BV(WDE);
    7f72:	e0 e6       	ldi	r30, 0x60	; 96
    7f74:	f0 e0       	ldi	r31, 0x00	; 0
    7f76:	98 e1       	ldi	r25, 0x18	; 24
    7f78:	90 83       	st	Z, r25
  WDTCSR = x;
    7f7a:	80 83       	st	Z, r24
    7f7c:	08 95       	ret

00007f7e <verifySpace>:
  do getch(); while (--count);
  verifySpace();
}

void verifySpace() {
  if (getch() != CRC_EOP) {
    7f7e:	ed df       	rcall	.-38     	; 0x7f5a <getch>
    7f80:	80 32       	cpi	r24, 0x20	; 32
    7f82:	19 f0       	breq	.+6      	; 0x7f8a <verifySpace+0xc>
    7f84:	88 e0       	ldi	r24, 0x08	; 8
    watchdogConfig(WATCHDOG_16MS);    // shorten WD timeout
    7f86:	f5 df       	rcall	.-22     	; 0x7f72 <watchdogConfig>
    7f88:	ff cf       	rjmp	.-2      	; 0x7f88 <verifySpace+0xa>
    7f8a:	84 e1       	ldi	r24, 0x14	; 20
    while (1)			      // and busy-loop so that WD causes
      ;				      //  a reset and app start.
    7f8c:	df cf       	rjmp	.-66     	; 0x7f4c <putch>

00007f8e <getNch>:
    ::[count] "M" (UART_B_VALUE)
  );
}
#endif

void getNch(uint8_t count) {
    7f8e:	cf 93       	push	r28
    7f90:	c8 2f       	mov	r28, r24
  do getch(); while (--count);
    7f92:	e3 df       	rcall	.-58     	; 0x7f5a <getch>
    7f94:	c1 50       	subi	r28, 0x01	; 1
    7f96:	e9 f7       	brne	.-6      	; 0x7f92 <getNch+0x4>
    7f98:	cf 91       	pop	r28
  verifySpace();
}
    7f9a:	f1 cf       	rjmp	.-30     	; 0x7f7e <verifySpace>

00007f9c <appStart>:

void appStart(uint8_t rstFlags) {
  // save the reset flags in the designated register
  //  This can be saved in a main program by putting code in .init0 (which
  //  executes before normal c init code) to save R2 to a global variable.
  __asm__ __volatile__ ("mov r2, %0\n" :: "r" (rstFlags));
    7f9c:	28 2e       	mov	r2, r24

  watchdogConfig(WATCHDOG_OFF);
    7f9e:	80 e0       	ldi	r24, 0x00	; 0
    7fa0:	e8 df       	rcall	.-48     	; 0x7f72 <watchdogConfig>
    7fa2:	e0 e0       	ldi	r30, 0x00	; 0
  // Note that appstart_vec is defined so that this works with either
  // real or virtual boot partitions.
  __asm__ __volatile__ (
    7fa4:	ff 27       	eor	r31, r31
    7fa6:	09 94       	ijmp
